[     253ms] [INFO] %cDownload the React DevTools for a better development experience: https://react.dev/link/react-devtools font-weight:bold @ http://localhost:3000/_next/static/chunks/050~_next_dist_13b.2yx._.js:2477
[     270ms] [LOG] [HMR] connected @ http://localhost:3000/_next/static/chunks/050~_next_dist_13b.2yx._.js:2477
[   81412ms] [LOG] [Fast Refresh] rebuilding @ http://localhost:3000/_next/static/chunks/050~_next_dist_13b.2yx._.js:2477
[   81460ms] [LOG] [Fast Refresh] done in 154ms @ http://localhost:3000/_next/static/chunks/050~_next_dist_13b.2yx._.js:2477
[   81658ms] [LOG] [Fast Refresh] rebuilding @ http://localhost:3000/_next/static/chunks/050~_next_dist_13b.2yx._.js:2477
[   81897ms] [LOG] [Fast Refresh] done in 340ms @ http://localhost:3000/_next/static/chunks/050~_next_dist_13b.2yx._.js:2477
[   90030ms] [LOG] [Fast Refresh] rebuilding @ http://localhost:3000/_next/static/chunks/050~_next_dist_13b.2yx._.js:2477
[   90044ms] [LOG] [Fast Refresh] done in 79ms @ http://localhost:3000/_next/static/chunks/050~_next_dist_13b.2yx._.js:2477
[   90239ms] [LOG] [Fast Refresh] rebuilding @ http://localhost:3000/_next/static/chunks/050~_next_dist_13b.2yx._.js:2477
[   90395ms] [LOG] [Fast Refresh] done in 267ms @ http://localhost:3000/_next/static/chunks/050~_next_dist_13b.2yx._.js:2477
[   99811ms] [LOG] [Fast Refresh] rebuilding @ http://localhost:3000/_next/static/chunks/050~_next_dist_13b.2yx._.js:2477
[   99823ms] [LOG] [Fast Refresh] done in 102ms @ http://localhost:3000/_next/static/chunks/050~_next_dist_13b.2yx._.js:2477
[  100006ms] [LOG] [Fast Refresh] rebuilding @ http://localhost:3000/_next/static/chunks/050~_next_dist_13b.2yx._.js:2477
[  100147ms] [LOG] [Fast Refresh] done in 248ms @ http://localhost:3000/_next/static/chunks/050~_next_dist_13b.2yx._.js:2477
[  110409ms] [LOG] [Fast Refresh] rebuilding @ http://localhost:3000/_next/static/chunks/050~_next_dist_13b.2yx._.js:2477
[  110506ms] [LOG] [Fast Refresh] done in 156ms @ http://localhost:3000/_next/static/chunks/050~_next_dist_13b.2yx._.js:2477
[  110698ms] [LOG] [Fast Refresh] rebuilding @ http://localhost:3000/_next/static/chunks/050~_next_dist_13b.2yx._.js:2477
[  111031ms] [LOG] [Fast Refresh] done in 448ms @ http://localhost:3000/_next/static/chunks/050~_next_dist_13b.2yx._.js:2477
[  117618ms] [LOG] [Fast Refresh] rebuilding @ http://localhost:3000/_next/static/chunks/050~_next_dist_13b.2yx._.js:2477
[  117661ms] [LOG] [Fast Refresh] done in 99ms @ http://localhost:3000/_next/static/chunks/050~_next_dist_13b.2yx._.js:2477
[  117832ms] [LOG] [Fast Refresh] rebuilding @ http://localhost:3000/_next/static/chunks/050~_next_dist_13b.2yx._.js:2477
[  118060ms] [LOG] [Fast Refresh] done in 336ms @ http://localhost:3000/_next/static/chunks/050~_next_dist_13b.2yx._.js:2477
[  126986ms] [LOG] [Fast Refresh] rebuilding @ http://localhost:3000/_next/static/chunks/050~_next_dist_13b.2yx._.js:2477
[  127060ms] [LOG] [Fast Refresh] done in 143ms @ http://localhost:3000/_next/static/chunks/050~_next_dist_13b.2yx._.js:2477
[  127218ms] [LOG] [Fast Refresh] rebuilding @ http://localhost:3000/_next/static/chunks/050~_next_dist_13b.2yx._.js:2477
[  127361ms] [LOG] [Fast Refresh] done in 245ms @ http://localhost:3000/_next/static/chunks/050~_next_dist_13b.2yx._.js:2477
[  143434ms] [LOG] [Fast Refresh] rebuilding @ http://localhost:3000/_next/static/chunks/050~_next_dist_13b.2yx._.js:2477
[  143553ms] [LOG] [Fast Refresh] done in 183ms @ http://localhost:3000/_next/static/chunks/050~_next_dist_13b.2yx._.js:2477
[  143715ms] [LOG] [Fast Refresh] rebuilding @ http://localhost:3000/_next/static/chunks/050~_next_dist_13b.2yx._.js:2477
[  143850ms] [LOG] [Fast Refresh] done in 236ms @ http://localhost:3000/_next/static/chunks/050~_next_dist_13b.2yx._.js:2477
[  153421ms] [LOG] [Fast Refresh] rebuilding @ http://localhost:3000/_next/static/chunks/050~_next_dist_13b.2yx._.js:2477
[  153478ms] [LOG] [Fast Refresh] done in 125ms @ http://localhost:3000/_next/static/chunks/050~_next_dist_13b.2yx._.js:2477
[  153634ms] [LOG] [Fast Refresh] rebuilding @ http://localhost:3000/_next/static/chunks/050~_next_dist_13b.2yx._.js:2477
[  153814ms] [LOG] [Fast Refresh] done in 291ms @ http://localhost:3000/_next/static/chunks/050~_next_dist_13b.2yx._.js:2477
[  163735ms] [LOG] [Fast Refresh] rebuilding @ http://localhost:3000/_next/static/chunks/050~_next_dist_13b.2yx._.js:2477
[  163815ms] [LOG] [Fast Refresh] done in 164ms @ http://localhost:3000/_next/static/chunks/050~_next_dist_13b.2yx._.js:2477
[  163935ms] [LOG] [Fast Refresh] rebuilding @ http://localhost:3000/_next/static/chunks/050~_next_dist_13b.2yx._.js:2477
[  164143ms] [LOG] [Fast Refresh] done in 312ms @ http://localhost:3000/_next/static/chunks/050~_next_dist_13b.2yx._.js:2477
[  172491ms] [LOG] [Fast Refresh] rebuilding @ http://localhost:3000/_next/static/chunks/050~_next_dist_13b.2yx._.js:2477
[  172539ms] [LOG] [Fast Refresh] done in 97ms @ http://localhost:3000/_next/static/chunks/050~_next_dist_13b.2yx._.js:2477
[  172689ms] [LOG] [Fast Refresh] rebuilding @ http://localhost:3000/_next/static/chunks/050~_next_dist_13b.2yx._.js:2477
[  172801ms] [LOG] [Fast Refresh] done in 219ms @ http://localhost:3000/_next/static/chunks/050~_next_dist_13b.2yx._.js:2477
