[     406ms] [INFO] %cDownload the React DevTools for a better development experience: https://react.dev/link/react-devtools font-weight:bold @ http://localhost:3000/_next/static/chunks/050~_next_dist_13b.2yx._.js:2477
[     429ms] [LOG] [HMR] connected @ http://localhost:3000/_next/static/chunks/050~_next_dist_13b.2yx._.js:2477
[   15569ms] [LOG] [Fast Refresh] rebuilding @ http://localhost:3000/_next/static/chunks/050~_next_dist_13b.2yx._.js:2477
[   15647ms] [LOG] [Fast Refresh] done in 187ms @ http://localhost:3000/_next/static/chunks/050~_next_dist_13b.2yx._.js:2477
[   58654ms] [LOG] [Fast Refresh] rebuilding @ http://localhost:3000/_next/static/chunks/050~_next_dist_13b.2yx._.js:2477
[   58793ms] [LOG] [Fast Refresh] done in 241ms @ http://localhost:3000/_next/static/chunks/050~_next_dist_13b.2yx._.js:2477
[  103520ms] [LOG] [Fast Refresh] rebuilding @ http://localhost:3000/_next/static/chunks/050~_next_dist_13b.2yx._.js:2477
[  103766ms] [LOG] [Fast Refresh] done in 350ms @ http://localhost:3000/_next/static/chunks/050~_next_dist_13b.2yx._.js:2477
[  128653ms] [LOG] [Fast Refresh] rebuilding @ http://localhost:3000/_next/static/chunks/050~_next_dist_13b.2yx._.js:2477
[  129016ms] [LOG] [Fast Refresh] done in 471ms @ http://localhost:3000/_next/static/chunks/050~_next_dist_13b.2yx._.js:2477
[  173893ms] [LOG] [Fast Refresh] rebuilding @ http://localhost:3000/_next/static/chunks/050~_next_dist_13b.2yx._.js:2477
[  174030ms] [LOG] [Fast Refresh] done in 244ms @ http://localhost:3000/_next/static/chunks/050~_next_dist_13b.2yx._.js:2477
[  195469ms] [LOG] [Fast Refresh] rebuilding @ http://localhost:3000/_next/static/chunks/050~_next_dist_13b.2yx._.js:2477
[  195623ms] [LOG] [Fast Refresh] done in 265ms @ http://localhost:3000/_next/static/chunks/050~_next_dist_13b.2yx._.js:2477
[  246683ms] [LOG] [Fast Refresh] rebuilding @ http://localhost:3000/_next/static/chunks/050~_next_dist_13b.2yx._.js:2477
[  247875ms] [LOG] [Fast Refresh] done in 1303ms @ http://localhost:3000/_next/static/chunks/050~_next_dist_13b.2yx._.js:2477
[  248114ms] [LOG] [Fast Refresh] rebuilding @ http://localhost:3000/_next/static/chunks/050~_next_dist_13b.2yx._.js:2477
[  248737ms] [LOG] [Fast Refresh] done in 781ms @ http://localhost:3000/_next/static/chunks/050~_next_dist_13b.2yx._.js:2477
[  303054ms] [LOG] [Fast Refresh] rebuilding @ http://localhost:3000/_next/static/chunks/050~_next_dist_13b.2yx._.js:2477
[  303122ms] [LOG] [Fast Refresh] done in 68ms @ http://localhost:3000/_next/static/chunks/050~_next_dist_13b.2yx._.js:2477
