[     121ms] [LOG] [Fast Refresh] rebuilding @ http://localhost:3000/_next/static/chunks/050~_next_dist_13b.2yx._.js:2477
[     131ms] [LOG] [Fast Refresh] done in 110ms @ http://localhost:3000/_next/static/chunks/050~_next_dist_13b.2yx._.js:2477
[     478ms] [INFO] %cDownload the React DevTools for a better development experience: https://react.dev/link/react-devtools font-weight:bold @ http://localhost:3000/_next/static/chunks/050~_next_dist_13b.2yx._.js:2477
[     496ms] [LOG] [HMR] connected @ http://localhost:3000/_next/static/chunks/050~_next_dist_13b.2yx._.js:2477
[    1508ms] [LOG] [Fast Refresh] rebuilding @ http://localhost:3000/_next/static/chunks/050~_next_dist_13b.2yx._.js:2477
[    1524ms] [LOG] [Fast Refresh] done in 119ms @ http://localhost:3000/_next/static/chunks/050~_next_dist_13b.2yx._.js:2477
[   11009ms] [LOG] [Fast Refresh] rebuilding @ http://localhost:3000/_next/static/chunks/050~_next_dist_13b.2yx._.js:2477
[   11167ms] [LOG] [Fast Refresh] done in 266ms @ http://localhost:3000/_next/static/chunks/050~_next_dist_13b.2yx._.js:2477
[   59117ms] [LOG] [Fast Refresh] rebuilding @ http://localhost:3000/_next/static/chunks/050~_next_dist_13b.2yx._.js:2477
[   59196ms] [LOG] [Fast Refresh] done in 192ms @ http://localhost:3000/_next/static/chunks/050~_next_dist_13b.2yx._.js:2477
[   66060ms] [LOG] [Fast Refresh] rebuilding @ http://localhost:3000/_next/static/chunks/050~_next_dist_13b.2yx._.js:2477
[   66453ms] [LOG] [Fast Refresh] done in 507ms @ http://localhost:3000/_next/static/chunks/050~_next_dist_13b.2yx._.js:2477
[  660028ms] [LOG] [Fast Refresh] rebuilding @ http://localhost:3000/_next/static/chunks/050~_next_dist_13b.2yx._.js:2477
[  660186ms] [LOG] [Fast Refresh] done in 272ms @ http://localhost:3000/_next/static/chunks/050~_next_dist_13b.2yx._.js:2477
[  669378ms] [LOG] [Fast Refresh] rebuilding @ http://localhost:3000/_next/static/chunks/050~_next_dist_13b.2yx._.js:2477
[  669379ms] [LOG] [Fast Refresh] done in 107ms @ http://localhost:3000/_next/static/chunks/050~_next_dist_13b.2yx._.js:2477
[  675238ms] [LOG] [Fast Refresh] rebuilding @ http://localhost:3000/_next/static/chunks/050~_next_dist_13b.2yx._.js:2477
[  675244ms] [LOG] [Fast Refresh] done in 109ms @ http://localhost:3000/_next/static/chunks/050~_next_dist_13b.2yx._.js:2477
[  676998ms] [LOG] [Fast Refresh] rebuilding @ http://localhost:3000/_next/static/chunks/050~_next_dist_13b.2yx._.js:2477
[  677494ms] [LOG] [Fast Refresh] done in 602ms @ http://localhost:3000/_next/static/chunks/050~_next_dist_13b.2yx._.js:2477
[  677809ms] [LOG] [Fast Refresh] rebuilding @ http://localhost:3000/_next/static/chunks/050~_next_dist_13b.2yx._.js:2477
[  678950ms] [LOG] [Fast Refresh] done in 1248ms @ http://localhost:3000/_next/static/chunks/050~_next_dist_13b.2yx._.js:2477
[  679480ms] [LOG] [Fast Refresh] rebuilding @ http://localhost:3000/_next/static/chunks/050~_next_dist_13b.2yx._.js:2477
[  679996ms] [LOG] [Fast Refresh] done in 622ms @ http://localhost:3000/_next/static/chunks/050~_next_dist_13b.2yx._.js:2477
[  680183ms] [LOG] [Fast Refresh] rebuilding @ http://localhost:3000/_next/static/chunks/050~_next_dist_13b.2yx._.js:2477
[  680520ms] [LOG] [Fast Refresh] done in 438ms @ http://localhost:3000/_next/static/chunks/050~_next_dist_13b.2yx._.js:2477
[  680735ms] [LOG] [Fast Refresh] rebuilding @ http://localhost:3000/_next/static/chunks/050~_next_dist_13b.2yx._.js:2477
[  680780ms] [LOG] [Fast Refresh] done in 148ms @ http://localhost:3000/_next/static/chunks/050~_next_dist_13b.2yx._.js:2477
[  681340ms] [LOG] [Fast Refresh] rebuilding @ http://localhost:3000/_next/static/chunks/050~_next_dist_13b.2yx._.js:2477
[  681346ms] [LOG] [Fast Refresh] done in 107ms @ http://localhost:3000/_next/static/chunks/050~_next_dist_13b.2yx._.js:2477
[  733924ms] [LOG] [Fast Refresh] rebuilding @ http://localhost:3000/_next/static/chunks/050~_next_dist_13b.2yx._.js:2477
[  733987ms] [LOG] [Fast Refresh] done in 119ms @ http://localhost:3000/_next/static/chunks/050~_next_dist_13b.2yx._.js:2477
[  838039ms] [LOG] [Fast Refresh] rebuilding @ http://localhost:3000/_next/static/chunks/050~_next_dist_13b.2yx._.js:2477
[  840267ms] [LOG] [Fast Refresh] done in 2233ms @ http://localhost:3000/_next/static/chunks/050~_next_dist_13b.2yx._.js:2477
[  840398ms] [LOG] [Fast Refresh] rebuilding @ http://localhost:3000/_next/static/chunks/050~_next_dist_13b.2yx._.js:2477
[  840522ms] [LOG] [Fast Refresh] done in 229ms @ http://localhost:3000/_next/static/chunks/050~_next_dist_13b.2yx._.js:2477
[  840767ms] [LOG] [Fast Refresh] rebuilding @ http://localhost:3000/_next/static/chunks/050~_next_dist_13b.2yx._.js:2477
[  841008ms] [LOG] [Fast Refresh] done in 346ms @ http://localhost:3000/_next/static/chunks/050~_next_dist_13b.2yx._.js:2477
[  901067ms] [LOG] [Fast Refresh] rebuilding @ http://localhost:3000/_next/static/chunks/050~_next_dist_13b.2yx._.js:2477
[  901126ms] [LOG] [Fast Refresh] done in 79ms @ http://localhost:3000/_next/static/chunks/050~_next_dist_13b.2yx._.js:2477
[  924705ms] [LOG] [Fast Refresh] rebuilding @ http://localhost:3000/_next/static/chunks/050~_next_dist_13b.2yx._.js:2477
[  924863ms] [LOG] [Fast Refresh] done in 218ms @ http://localhost:3000/_next/static/chunks/050~_next_dist_13b.2yx._.js:2477
[  924966ms] [LOG] [Fast Refresh] rebuilding @ http://localhost:3000/_next/static/chunks/050~_next_dist_13b.2yx._.js:2477
[  925111ms] [LOG] [Fast Refresh] done in 247ms @ http://localhost:3000/_next/static/chunks/050~_next_dist_13b.2yx._.js:2477
[  949313ms] [LOG] [Fast Refresh] rebuilding @ http://localhost:3000/_next/static/chunks/050~_next_dist_13b.2yx._.js:2477
[  949647ms] [LOG] [Fast Refresh] done in 436ms @ http://localhost:3000/_next/static/chunks/050~_next_dist_13b.2yx._.js:2477
[  949833ms] [LOG] [Fast Refresh] rebuilding @ http://localhost:3000/_next/static/chunks/050~_next_dist_13b.2yx._.js:2477
[  950184ms] [LOG] [Fast Refresh] done in 453ms @ http://localhost:3000/_next/static/chunks/050~_next_dist_13b.2yx._.js:2477
[  950364ms] [LOG] [Fast Refresh] rebuilding @ http://localhost:3000/_next/static/chunks/050~_next_dist_13b.2yx._.js:2477
[  950394ms] [LOG] [Fast Refresh] done in 133ms @ http://localhost:3000/_next/static/chunks/050~_next_dist_13b.2yx._.js:2477
